{"level":"info","message":"Server running on port 5000","timestamp":"2025-06-27T05:32:13.459Z"}
{"level":"info","message":"Connected to MongoDB","timestamp":"2025-06-27T05:32:13.916Z"}
{"level":"info","message":"Server running on port 5000","timestamp":"2025-06-30T05:09:50.225Z"}
{"level":"info","message":"Connected to MongoDB","timestamp":"2025-06-30T05:09:51.872Z"}
undefined [INFO] Server running on port 5000 {"timestamp":"2025-06-30T07:10:02.255Z"}
undefined [INFO] Connected to MongoDB {"timestamp":"2025-06-30T07:10:02.782Z"}
undefined [INFO] Server running on port 5000 {"timestamp":"2025-06-30T07:28:52.696Z"}
undefined [INFO] Connected to MongoDB {"timestamp":"2025-06-30T07:28:53.189Z"}
undefined [INFO] GET /api/menu {"ip":"::1","timestamp":"2025-06-30T07:52:35.352Z"}
undefined [INFO] GET /api/menu {"ip":"::1","timestamp":"2025-06-30T07:55:49.386Z"}
undefined [INFO] GET /api/menu {"ip":"::1","timestamp":"2025-06-30T07:56:00.919Z"}
undefined [INFO] GET /api/menu {"ip":"::1","timestamp":"2025-06-30T08:02:42.974Z"}
undefined [INFO] POST /api/auth/signup {"ip":"::1","timestamp":"2025-06-30T08:56:03.859Z"}
undefined [INFO] GET /api/menu {"ip":"::1","timestamp":"2025-06-30T08:56:04.396Z"}
undefined [INFO] POST /api/cart {"ip":"::1","timestamp":"2025-06-30T08:56:12.831Z"}
undefined [INFO] POST /api/cart {"ip":"::1","timestamp":"2025-06-30T08:56:17.158Z"}
undefined [INFO] POST /api/cart {"ip":"::1","timestamp":"2025-06-30T08:56:17.978Z"}
undefined [INFO] POST /api/cart {"ip":"::1","timestamp":"2025-06-30T08:56:19.696Z"}
undefined [INFO] GET /api/cart {"ip":"::1","timestamp":"2025-06-30T08:56:21.964Z"}
undefined [INFO] GET /api/auth/profile {"ip":"::1","timestamp":"2025-06-30T08:56:21.988Z"}
undefined [INFO] GET /api/menu {"ip":"::1","timestamp":"2025-06-30T08:56:25.087Z"}
undefined [INFO] POST /api/cart {"ip":"::1","timestamp":"2025-06-30T08:56:33.268Z"}
undefined [INFO] POST /api/cart {"ip":"::1","timestamp":"2025-06-30T08:56:34.105Z"}
undefined [INFO] POST /api/cart {"ip":"::1","timestamp":"2025-06-30T08:56:34.299Z"}
undefined [INFO] GET /api/menu {"ip":"::1","timestamp":"2025-06-30T09:42:24.524Z"}
undefined [INFO] POST /api/cart {"ip":"::1","timestamp":"2025-06-30T09:44:34.663Z"}
undefined [INFO] GET /api/menu {"ip":"::1","timestamp":"2025-06-30T12:18:25.836Z"}
undefined [INFO] GET /api/menu {"ip":"::1","timestamp":"2025-06-30T12:18:44.723Z"}
undefined [INFO] GET /api/menu {"ip":"::1","timestamp":"2025-06-30T12:22:08.360Z"}
undefined [INFO] GET /api/menu {"ip":"::1","timestamp":"2025-06-30T12:22:10.961Z"}
undefined [INFO] GET /api/menu {"ip":"::1","timestamp":"2025-06-30T12:23:15.656Z"}
undefined [INFO] GET /api/menu {"ip":"::1","timestamp":"2025-06-30T12:23:17.399Z"}
undefined [INFO] GET /api/menu {"ip":"::1","timestamp":"2025-06-30T12:23:18.401Z"}
undefined [INFO] GET /api/menu {"ip":"::1","timestamp":"2025-06-30T12:23:19.103Z"}
undefined [INFO] GET /api/menu {"ip":"::1","timestamp":"2025-06-30T12:23:29.719Z"}
undefined [INFO] GET /api/menu {"ip":"::1","timestamp":"2025-06-30T12:23:30.633Z"}
undefined [INFO] GET /api/menu {"ip":"::1","timestamp":"2025-06-30T12:23:30.884Z"}
undefined [INFO] GET /api/menu {"ip":"::1","timestamp":"2025-06-30T12:23:35.263Z"}
undefined [INFO] GET /api/menu {"ip":"::1","timestamp":"2025-06-30T12:23:40.371Z"}
undefined [INFO] POST /api/auth/login {"ip":"::1","timestamp":"2025-06-30T12:24:42.067Z"}
undefined [INFO] POST /api/auth/login {"ip":"::1","timestamp":"2025-06-30T12:25:02.008Z"}
undefined [INFO] GET /api/menu {"ip":"::1","timestamp":"2025-06-30T12:25:08.099Z"}
undefined [INFO] GET /api/menu {"ip":"::1","timestamp":"2025-06-30T12:25:12.812Z"}
undefined [INFO] Server running on port 5000 {"timestamp":"2025-07-01T04:59:31.097Z"}
undefined [INFO] Connected to MongoDB {"timestamp":"2025-07-01T04:59:31.707Z"}
undefined [INFO] GET /api/menu {"ip":"::1","timestamp":"2025-07-01T05:00:10.514Z"}
undefined [INFO] GET /api/menu {"ip":"::1","timestamp":"2025-07-01T05:10:04.558Z"}
undefined [INFO] POST /api/auth/login {"ip":"::1","timestamp":"2025-07-01T05:12:05.474Z"}
undefined [INFO] GET /api/menu {"ip":"::1","timestamp":"2025-07-01T05:12:05.967Z"}
undefined [INFO] Server running on port 5000 {"timestamp":"2025-07-01T06:07:12.424Z"}
undefined [INFO] Connected to MongoDB {"timestamp":"2025-07-01T06:07:12.822Z"}
undefined [INFO] Server running on port 5000 {"timestamp":"2025-07-01T06:26:37.051Z"}
undefined [INFO] Connected to MongoDB {"timestamp":"2025-07-01T06:26:37.699Z"}
undefined [INFO] Server running on port 5000 {"timestamp":"2025-07-01T06:28:51.694Z"}
undefined [INFO] Connected to MongoDB {"timestamp":"2025-07-01T06:28:52.071Z"}
undefined [INFO] Server running on port 5000 {"timestamp":"2025-07-01T06:38:41.100Z"}
undefined [INFO] Connected to MongoDB {"timestamp":"2025-07-01T06:38:47.991Z"}
undefined [INFO] GET /api/menu {"ip":"::1","timestamp":"2025-07-01T06:50:13.669Z"}
undefined [INFO] GET /api/menu {"ip":"::1","timestamp":"2025-07-01T06:50:27.694Z"}
undefined [INFO] GET /api/menu {"ip":"::1","timestamp":"2025-07-01T06:50:31.543Z"}
undefined [INFO] Server running on port 5000 {"timestamp":"2025-07-01T06:51:08.086Z"}
undefined [INFO] Connected to MongoDB {"timestamp":"2025-07-01T06:51:08.645Z"}
undefined [INFO] GET /api/menu {"ip":"::1","timestamp":"2025-07-01T06:51:28.494Z"}
undefined [INFO] GET /api/menu {"ip":"::1","timestamp":"2025-07-01T07:07:54.494Z"}
undefined [INFO] GET /api/menu {"ip":"::1","timestamp":"2025-07-01T07:07:55.144Z"}
undefined [INFO] GET /api/menu {"ip":"::1","timestamp":"2025-07-01T07:07:59.983Z"}
undefined [INFO] GET /api/menu {"ip":"::1","timestamp":"2025-07-01T07:08:21.747Z"}
undefined [INFO] GET /api/menu {"ip":"::1","timestamp":"2025-07-01T07:08:29.323Z"}
undefined [INFO] GET /api/menu {"ip":"::1","timestamp":"2025-07-01T07:08:50.263Z"}
undefined [INFO] GET /api/menu {"ip":"::1","timestamp":"2025-07-01T07:08:50.318Z"}
undefined [INFO] GET /api/menu {"ip":"::1","timestamp":"2025-07-01T07:08:50.389Z"}
undefined [INFO] GET /api/menu {"ip":"::1","timestamp":"2025-07-01T07:08:59.523Z"}
undefined [INFO] GET /api/menu {"ip":"::1","timestamp":"2025-07-01T07:09:05.760Z"}
undefined [INFO] GET /api/menu {"ip":"::1","timestamp":"2025-07-01T07:12:48.931Z"}
undefined [INFO] Server running on port 5000 {"timestamp":"2025-07-01T07:13:44.340Z"}
undefined [INFO] Connected to MongoDB {"timestamp":"2025-07-01T07:13:44.898Z"}
undefined [INFO] GET /api/menu {"ip":"::1","timestamp":"2025-07-01T07:19:56.847Z"}
undefined [INFO] POST /api/cart {"ip":"::1","timestamp":"2025-07-01T07:19:59.089Z"}
undefined [INFO] POST /api/auth/signup {"ip":"::1","timestamp":"2025-07-01T07:24:05.205Z"}
undefined [INFO] GET /api/menu {"ip":"::1","timestamp":"2025-07-01T07:24:05.768Z"}
undefined [INFO] POST /api/cart {"ip":"::1","timestamp":"2025-07-01T07:24:13.481Z"}
undefined [INFO] GET /api/cart {"ip":"::1","timestamp":"2025-07-01T07:24:16.897Z"}
undefined [INFO] GET /api/auth/profile {"ip":"::1","timestamp":"2025-07-01T07:24:16.916Z"}
undefined [INFO] PUT /api/cart/0002 {"ip":"::1","timestamp":"2025-07-01T07:25:05.035Z"}
undefined [INFO] PUT /api/cart/0002 {"ip":"::1","timestamp":"2025-07-01T07:25:05.590Z"}
undefined [INFO] PUT /api/cart/0002 {"ip":"::1","timestamp":"2025-07-01T07:25:06.118Z"}
undefined [INFO] PUT /api/cart/0002 {"ip":"::1","timestamp":"2025-07-01T07:25:06.334Z"}
undefined [INFO] PUT /api/cart/0002 {"ip":"::1","timestamp":"2025-07-01T07:25:06.529Z"}
undefined [INFO] PUT /api/cart/0002 {"ip":"::1","timestamp":"2025-07-01T07:25:06.664Z"}
undefined [INFO] GET /api/menu {"ip":"::1","timestamp":"2025-07-01T07:25:27.744Z"}
undefined [INFO] POST /api/cart {"ip":"::1","timestamp":"2025-07-01T07:25:45.432Z"}
undefined [INFO] GET /api/cart {"ip":"::1","timestamp":"2025-07-01T07:25:50.285Z"}
undefined [INFO] GET /api/auth/profile {"ip":"::1","timestamp":"2025-07-01T07:25:50.291Z"}
undefined [INFO] GET /api/menu {"ip":"::1","timestamp":"2025-07-01T07:26:16.659Z"}
undefined [INFO] GET /api/menu {"ip":"::1","timestamp":"2025-07-01T07:27:06.714Z"}
undefined [INFO] GET /api/menu {"ip":"::1","timestamp":"2025-07-01T07:30:33.037Z"}
undefined [INFO] POST /api/cart {"ip":"::1","timestamp":"2025-07-01T07:31:17.965Z"}
undefined [INFO] POST /api/cart {"ip":"::1","timestamp":"2025-07-01T07:31:22.999Z"}
undefined [INFO] GET /api/menu {"ip":"::1","timestamp":"2025-07-01T07:31:45.562Z"}
undefined [INFO] GET /api/menu {"ip":"::1","timestamp":"2025-07-01T07:31:49.884Z"}
undefined [INFO] GET /api/auth/profile {"ip":"::1","timestamp":"2025-07-01T07:31:59.285Z"}
undefined [INFO] GET /api/cart {"ip":"::1","timestamp":"2025-07-01T07:31:59.290Z"}
undefined [INFO] PUT /api/cart/0005 {"ip":"::1","timestamp":"2025-07-01T07:32:02.547Z"}
undefined [INFO] PUT /api/cart/0005 {"ip":"::1","timestamp":"2025-07-01T07:32:04.441Z"}
undefined [INFO] GET /api/razorpay-key {"ip":"::1","timestamp":"2025-07-01T07:32:08.055Z"}
undefined [INFO] POST /api/create-order {"ip":"::1","timestamp":"2025-07-01T07:32:08.070Z"}
undefined [INFO] Order created {"orderId":"order_QnioOgec6XPKT5","userId":"68638d1592a2ff1f1d0e1167","timestamp":"2025-07-01T07:32:09.499Z"}
undefined [INFO] GET /api/menu {"ip":"::1","timestamp":"2025-07-01T07:36:28.683Z"}
undefined [INFO] GET /api/menu {"ip":"::1","timestamp":"2025-07-01T07:39:07.975Z"}
undefined [INFO] GET /api/menu {"ip":"::1","timestamp":"2025-07-01T07:40:18.812Z"}
undefined [INFO] GET /api/menu {"ip":"::1","timestamp":"2025-07-01T07:42:00.354Z"}
undefined [INFO] GET /api/auth/profile {"ip":"::1","timestamp":"2025-07-01T07:43:55.560Z"}
undefined [INFO] GET /api/cart {"ip":"::1","timestamp":"2025-07-01T07:43:55.569Z"}
undefined [INFO] GET /api/menu {"ip":"::1","timestamp":"2025-07-01T07:52:24.982Z"}
undefined [INFO] GET /api/menu {"ip":"::1","timestamp":"2025-07-01T09:10:29.374Z"}
undefined [INFO] POST /api/cart {"ip":"::1","timestamp":"2025-07-01T09:10:42.077Z"}
undefined [INFO] POST /api/cart {"ip":"::1","timestamp":"2025-07-01T09:10:44.223Z"}
undefined [INFO] POST /api/auth/login {"ip":"::1","timestamp":"2025-07-01T09:11:20.929Z"}
undefined [INFO] GET /api/menu {"ip":"::1","timestamp":"2025-07-01T09:11:21.245Z"}
undefined [INFO] GET /api/auth/profile {"ip":"::1","timestamp":"2025-07-01T09:11:45.174Z"}
undefined [INFO] GET /api/cart {"ip":"::1","timestamp":"2025-07-01T09:11:45.179Z"}
undefined [INFO] PUT /api/cart/0005 {"ip":"::1","timestamp":"2025-07-01T09:11:47.432Z"}
undefined [INFO] PUT /api/cart/0005 {"ip":"::1","timestamp":"2025-07-01T09:11:49.771Z"}
undefined [INFO] PUT /api/cart/0005 {"ip":"::1","timestamp":"2025-07-01T09:11:51.178Z"}
undefined [INFO] GET /api/razorpay-key {"ip":"::1","timestamp":"2025-07-01T09:11:57.256Z"}
undefined [INFO] POST /api/create-order {"ip":"::1","timestamp":"2025-07-01T09:11:57.267Z"}
undefined [INFO] Order created {"orderId":"order_QnkVpmxzCXZNU2","userId":"68638d1592a2ff1f1d0e1167","timestamp":"2025-07-01T09:11:58.862Z"}
undefined [INFO] GET /api/auth/profile {"ip":"::1","timestamp":"2025-07-01T09:13:00.949Z"}
undefined [INFO] GET /api/cart {"ip":"::1","timestamp":"2025-07-01T09:13:00.954Z"}
undefined [INFO] PUT /api/cart/0006 {"ip":"::1","timestamp":"2025-07-01T09:15:25.878Z"}
undefined [INFO] PUT /api/cart/0006 {"ip":"::1","timestamp":"2025-07-01T09:15:26.512Z"}
undefined [INFO] GET /api/menu {"ip":"::1","timestamp":"2025-07-01T09:15:32.512Z"}
undefined [INFO] POST /api/cart {"ip":"::1","timestamp":"2025-07-01T09:15:34.396Z"}
undefined [INFO] POST /api/cart {"ip":"::1","timestamp":"2025-07-01T09:15:36.303Z"}
undefined [INFO] GET /api/auth/profile {"ip":"::1","timestamp":"2025-07-01T09:15:39.603Z"}
undefined [INFO] GET /api/cart {"ip":"::1","timestamp":"2025-07-01T09:15:39.613Z"}
undefined [INFO] GET /api/menu {"ip":"::1","timestamp":"2025-07-01T09:15:43.434Z"}
undefined [INFO] POST /api/cart {"ip":"::1","timestamp":"2025-07-01T09:15:47.125Z"}
undefined [INFO] POST /api/cart {"ip":"::1","timestamp":"2025-07-01T09:15:50.458Z"}
undefined [INFO] GET /api/auth/profile {"ip":"::1","timestamp":"2025-07-01T09:25:52.102Z"}
undefined [INFO] GET /api/cart {"ip":"::1","timestamp":"2025-07-01T09:25:52.111Z"}
undefined [INFO] PUT /api/cart/0003 {"ip":"::1","timestamp":"2025-07-01T09:25:56.869Z"}
undefined [INFO] PUT /api/cart/0003 {"ip":"::1","timestamp":"2025-07-01T09:25:57.042Z"}
undefined [INFO] PUT /api/cart/0002 {"ip":"::1","timestamp":"2025-07-01T09:25:58.889Z"}
undefined [INFO] PUT /api/cart/0002 {"ip":"::1","timestamp":"2025-07-01T09:25:59.103Z"}
undefined [INFO] GET /api/menu {"ip":"::1","timestamp":"2025-07-01T10:00:07.516Z"}
undefined [INFO] GET /api/menu {"ip":"::1","timestamp":"2025-07-01T10:00:12.754Z"}
